ERROR - 2026-07-20 02:25:16 --> Error connecting to the database: mysqli_sql_exception: Unknown database 'bibliotheque' in C:\Users\Admin\Documents\S6\rattrapageSI\codeIgniter\codeigniter4-framework-b3359be\system\Database\MySQLi\Connection.php:201
Stack trace:
#0 C:\Users\Admin\Documents\S6\rattrapageSI\codeIgniter\codeigniter4-framework-b3359be\system\Database\MySQLi\Connection.php(201): mysqli->real_connect('localhost', 'root', Object(SensitiveParameterValue), 'bibliotheque', 3306, '', 0)
#1 C:\Users\Admin\Documents\S6\rattrapageSI\codeIgniter\codeigniter4-framework-b3359be\system\Database\BaseConnection.php(555): CodeIgniter\Database\MySQLi\Connection->connect(false)
#2 C:\Users\Admin\Documents\S6\rattrapageSI\codeIgniter\codeigniter4-framework-b3359be\system\Database\BaseConnection.php(795): CodeIgniter\Database\BaseConnection->initialize()
#3 C:\Users\Admin\Documents\S6\rattrapageSI\codeIgniter\codeigniter4-framework-b3359be\system\Database\BaseBuilder.php(1733): CodeIgniter\Database\BaseConnection->query('SELECT COUNT(*)...', Array, false)
#4 C:\Users\Admin\Documents\S6\rattrapageSI\codeIgniter\codeigniter4-framework-b3359be\system\Model.php(523): CodeIgniter\Database\BaseBuilder->countAllResults(false)
#5 C:\Users\Admin\Documents\S6\rattrapageSI\codeIgniter\codeigniter4-framework-b3359be\system\BaseModel.php(1333): CodeIgniter\Model->countAllResults(false)
#6 C:\Users\Admin\Documents\S6\rattrapageSI\codeIgniter\codeigniter4-framework-b3359be\app\Models\LivreModel.php(91): CodeIgniter\BaseModel->paginate(10)
#7 C:\Users\Admin\Documents\S6\rattrapageSI\codeIgniter\codeigniter4-framework-b3359be\app\Controllers\Livres.php(25): App\Models\LivreModel->livresPagine()
#8 C:\Users\Admin\Documents\S6\rattrapageSI\codeIgniter\codeigniter4-framework-b3359be\system\CodeIgniter.php(951): App\Controllers\Livres->index()
#9 C:\Users\Admin\Documents\S6\rattrapageSI\codeIgniter\codeigniter4-framework-b3359be\system\CodeIgniter.php(497): CodeIgniter\CodeIgniter->runController(Object(App\Controllers\Livres))
#10 C:\Users\Admin\Documents\S6\rattrapageSI\codeIgniter\codeigniter4-framework-b3359be\system\CodeIgniter.php(340): CodeIgniter\CodeIgniter->handleRequest(NULL, Object(Config\Cache), false)
#11 C:\Users\Admin\Documents\S6\rattrapageSI\codeIgniter\codeigniter4-framework-b3359be\system\Boot.php(417): CodeIgniter\CodeIgniter->run()
#12 C:\Users\Admin\Documents\S6\rattrapageSI\codeIgniter\codeigniter4-framework-b3359be\system\Boot.php(68): CodeIgniter\Boot::runCodeIgniter(Object(CodeIgniter\CodeIgniter))
#13 C:\Users\Admin\Documents\S6\rattrapageSI\codeIgniter\codeigniter4-framework-b3359be\public\index.php(59): CodeIgniter\Boot::bootWeb(Object(Config\Paths))
#14 C:\Users\Admin\Documents\S6\rattrapageSI\codeIgniter\codeigniter4-framework-b3359be\system\rewrite.php(44): require_once('C:\\Users\\Admin\\...')
#15 {main}

Next CodeIgniter\Database\Exceptions\DatabaseException: Unknown database 'bibliotheque' in C:\Users\Admin\Documents\S6\rattrapageSI\codeIgniter\codeigniter4-framework-b3359be\system\Database\MySQLi\Connection.php:231
Stack trace:
#0 C:\Users\Admin\Documents\S6\rattrapageSI\codeIgniter\codeigniter4-framework-b3359be\system\Database\BaseConnection.php(555): CodeIgniter\Database\MySQLi\Connection->connect(false)
#1 C:\Users\Admin\Documents\S6\rattrapageSI\codeIgniter\codeigniter4-framework-b3359be\system\Database\BaseConnection.php(795): CodeIgniter\Database\BaseConnection->initialize()
#2 C:\Users\Admin\Documents\S6\rattrapageSI\codeIgniter\codeigniter4-framework-b3359be\system\Database\BaseBuilder.php(1733): CodeIgniter\Database\BaseConnection->query('SELECT COUNT(*)...', Array, false)
#3 C:\Users\Admin\Documents\S6\rattrapageSI\codeIgniter\codeigniter4-framework-b3359be\system\Model.php(523): CodeIgniter\Database\BaseBuilder->countAllResults(false)
#4 C:\Users\Admin\Documents\S6\rattrapageSI\codeIgniter\codeigniter4-framework-b3359be\system\BaseModel.php(1333): CodeIgniter\Model->countAllResults(false)
#5 C:\Users\Admin\Documents\S6\rattrapageSI\codeIgniter\codeigniter4-framework-b3359be\app\Models\LivreModel.php(91): CodeIgniter\BaseModel->paginate(10)
#6 C:\Users\Admin\Documents\S6\rattrapageSI\codeIgniter\codeigniter4-framework-b3359be\app\Controllers\Livres.php(25): App\Models\LivreModel->livresPagine()
#7 C:\Users\Admin\Documents\S6\rattrapageSI\codeIgniter\codeigniter4-framework-b3359be\system\CodeIgniter.php(951): App\Controllers\Livres->index()
#8 C:\Users\Admin\Documents\S6\rattrapageSI\codeIgniter\codeigniter4-framework-b3359be\system\CodeIgniter.php(497): CodeIgniter\CodeIgniter->runController(Object(App\Controllers\Livres))
#9 C:\Users\Admin\Documents\S6\rattrapageSI\codeIgniter\codeigniter4-framework-b3359be\system\CodeIgniter.php(340): CodeIgniter\CodeIgniter->handleRequest(NULL, Object(Config\Cache), false)
#10 C:\Users\Admin\Documents\S6\rattrapageSI\codeIgniter\codeigniter4-framework-b3359be\system\Boot.php(417): CodeIgniter\CodeIgniter->run()
#11 C:\Users\Admin\Documents\S6\rattrapageSI\codeIgniter\codeigniter4-framework-b3359be\system\Boot.php(68): CodeIgniter\Boot::runCodeIgniter(Object(CodeIgniter\CodeIgniter))
#12 C:\Users\Admin\Documents\S6\rattrapageSI\codeIgniter\codeigniter4-framework-b3359be\public\index.php(59): CodeIgniter\Boot::bootWeb(Object(Config\Paths))
#13 C:\Users\Admin\Documents\S6\rattrapageSI\codeIgniter\codeigniter4-framework-b3359be\system\rewrite.php(44): require_once('C:\\Users\\Admin\\...')
#14 {main}
CRITICAL - 2026-07-20 02:25:16 --> CodeIgniter\Database\Exceptions\DatabaseException: Unable to connect to the database.
Main connection [MySQLi]: Unknown database 'bibliotheque'
[Method: GET, Route: /]
in SYSTEMPATH\Database\BaseConnection.php on line 606.
 1 SYSTEMPATH\Database\BaseConnection.php(795): CodeIgniter\Database\BaseConnection->initialize()
 2 SYSTEMPATH\Database\BaseBuilder.php(1733): CodeIgniter\Database\BaseConnection->query('SELECT COUNT(*) AS `numrows`
FROM `livres`', [], false)
 3 SYSTEMPATH\Model.php(523): CodeIgniter\Database\BaseBuilder->countAllResults(false)
 4 SYSTEMPATH\BaseModel.php(1333): CodeIgniter\Model->countAllResults(false)
 5 APPPATH\Models\LivreModel.php(91): CodeIgniter\BaseModel->paginate(10)
 6 APPPATH\Controllers\Livres.php(25): App\Models\LivreModel->livresPagine()
 7 SYSTEMPATH\CodeIgniter.php(951): App\Controllers\Livres->index()
 8 SYSTEMPATH\CodeIgniter.php(497): CodeIgniter\CodeIgniter->runController(Object(App\Controllers\Livres))
 9 SYSTEMPATH\CodeIgniter.php(340): CodeIgniter\CodeIgniter->handleRequest(null, Object(Config\Cache), false)
10 SYSTEMPATH\Boot.php(417): CodeIgniter\CodeIgniter->run()
11 SYSTEMPATH\Boot.php(68): CodeIgniter\Boot::runCodeIgniter(Object(CodeIgniter\CodeIgniter))
12 FCPATH\index.php(59): CodeIgniter\Boot::bootWeb(Object(Config\Paths))
13 SYSTEMPATH\rewrite.php(44): require_once('C:\\Users\\Admin\\Documents\\S6\\rattrapageSI\\codeIgniter\\codeigniter4-framework-b3359be\\public\\index.php')
ERROR - 2026-07-20 02:40:39 --> Table 'bibliotheque.livres' doesn't exist
in SYSTEMPATH\Database\MySQLi\Connection.php on line 300.
 1 SYSTEMPATH\Database\MySQLi\Connection.php(300): mysqli->query('SELECT COUNT(*) AS `numrows`
FROM `livres`', 0)
 2 SYSTEMPATH\Database\BaseConnection.php(910): CodeIgniter\Database\MySQLi\Connection->execute('SELECT COUNT(*) AS `numrows`
FROM `livres`')
 3 SYSTEMPATH\Database\BaseConnection.php(827): CodeIgniter\Database\BaseConnection->simpleQuery('SELECT COUNT(*) AS `numrows`
FROM `livres`')
 4 SYSTEMPATH\Database\BaseBuilder.php(1733): CodeIgniter\Database\BaseConnection->query('SELECT COUNT(*) AS `numrows`
FROM `livres`', [], false)
 5 SYSTEMPATH\Model.php(523): CodeIgniter\Database\BaseBuilder->countAllResults(false)
 6 SYSTEMPATH\BaseModel.php(1333): CodeIgniter\Model->countAllResults(false)
 7 APPPATH\Models\LivreModel.php(91): CodeIgniter\BaseModel->paginate(10)
 8 APPPATH\Controllers\Livres.php(25): App\Models\LivreModel->livresPagine()
 9 SYSTEMPATH\CodeIgniter.php(951): App\Controllers\Livres->index()
10 SYSTEMPATH\CodeIgniter.php(497): CodeIgniter\CodeIgniter->runController(Object(App\Controllers\Livres))
11 SYSTEMPATH\CodeIgniter.php(340): CodeIgniter\CodeIgniter->handleRequest(null, Object(Config\Cache), false)
12 SYSTEMPATH\Boot.php(417): CodeIgniter\CodeIgniter->run()
13 SYSTEMPATH\Boot.php(68): CodeIgniter\Boot::runCodeIgniter(Object(CodeIgniter\CodeIgniter))
14 FCPATH\index.php(59): CodeIgniter\Boot::bootWeb(Object(Config\Paths))
15 SYSTEMPATH\rewrite.php(44): require_once('C:\\Users\\Admin\\Documents\\S6\\rattrapageSI\\codeIgniter\\codeigniter4-framework-b3359be\\public\\index.php')
CRITICAL - 2026-07-20 02:40:39 --> CodeIgniter\Database\Exceptions\DatabaseException: Table 'bibliotheque.livres' doesn't exist
[Method: GET, Route: /]
in SYSTEMPATH\Database\BaseConnection.php on line 865.
 1 SYSTEMPATH\Database\BaseBuilder.php(1733): CodeIgniter\Database\BaseConnection->query('SELECT COUNT(*) AS `numrows`
FROM `livres`', [], false)
 2 SYSTEMPATH\Model.php(523): CodeIgniter\Database\BaseBuilder->countAllResults(false)
 3 SYSTEMPATH\BaseModel.php(1333): CodeIgniter\Model->countAllResults(false)
 4 APPPATH\Models\LivreModel.php(91): CodeIgniter\BaseModel->paginate(10)
 5 APPPATH\Controllers\Livres.php(25): App\Models\LivreModel->livresPagine()
 6 SYSTEMPATH\CodeIgniter.php(951): App\Controllers\Livres->index()
 7 SYSTEMPATH\CodeIgniter.php(497): CodeIgniter\CodeIgniter->runController(Object(App\Controllers\Livres))
 8 SYSTEMPATH\CodeIgniter.php(340): CodeIgniter\CodeIgniter->handleRequest(null, Object(Config\Cache), false)
 9 SYSTEMPATH\Boot.php(417): CodeIgniter\CodeIgniter->run()
10 SYSTEMPATH\Boot.php(68): CodeIgniter\Boot::runCodeIgniter(Object(CodeIgniter\CodeIgniter))
11 FCPATH\index.php(59): CodeIgniter\Boot::bootWeb(Object(Config\Paths))
12 SYSTEMPATH\rewrite.php(44): require_once('C:\\Users\\Admin\\Documents\\S6\\rattrapageSI\\codeIgniter\\codeigniter4-framework-b3359be\\public\\index.php')
CRITICAL - 2026-07-20 02:40:39 --> [Caused by] CodeIgniter\Database\Exceptions\DatabaseException: Table 'bibliotheque.livres' doesn't exist
in SYSTEMPATH\Database\MySQLi\Connection.php on line 310.
 1 SYSTEMPATH\Database\BaseConnection.php(910): CodeIgniter\Database\MySQLi\Connection->execute('SELECT COUNT(*) AS `numrows`
FROM `livres`')
 2 SYSTEMPATH\Database\BaseConnection.php(827): CodeIgniter\Database\BaseConnection->simpleQuery('SELECT COUNT(*) AS `numrows`
FROM `livres`')
 3 SYSTEMPATH\Database\BaseBuilder.php(1733): CodeIgniter\Database\BaseConnection->query('SELECT COUNT(*) AS `numrows`
FROM `livres`', [], false)
 4 SYSTEMPATH\Model.php(523): CodeIgniter\Database\BaseBuilder->countAllResults(false)
 5 SYSTEMPATH\BaseModel.php(1333): CodeIgniter\Model->countAllResults(false)
 6 APPPATH\Models\LivreModel.php(91): CodeIgniter\BaseModel->paginate(10)
 7 APPPATH\Controllers\Livres.php(25): App\Models\LivreModel->livresPagine()
 8 SYSTEMPATH\CodeIgniter.php(951): App\Controllers\Livres->index()
 9 SYSTEMPATH\CodeIgniter.php(497): CodeIgniter\CodeIgniter->runController(Object(App\Controllers\Livres))
10 SYSTEMPATH\CodeIgniter.php(340): CodeIgniter\CodeIgniter->handleRequest(null, Object(Config\Cache), false)
11 SYSTEMPATH\Boot.php(417): CodeIgniter\CodeIgniter->run()
12 SYSTEMPATH\Boot.php(68): CodeIgniter\Boot::runCodeIgniter(Object(CodeIgniter\CodeIgniter))
13 FCPATH\index.php(59): CodeIgniter\Boot::bootWeb(Object(Config\Paths))
14 SYSTEMPATH\rewrite.php(44): require_once('C:\\Users\\Admin\\Documents\\S6\\rattrapageSI\\codeIgniter\\codeigniter4-framework-b3359be\\public\\index.php')
CRITICAL - 2026-07-20 02:40:39 --> [Caused by] mysqli_sql_exception: Table 'bibliotheque.livres' doesn't exist
in SYSTEMPATH\Database\MySQLi\Connection.php on line 300.
 1 SYSTEMPATH\Database\MySQLi\Connection.php(300): mysqli->query('SELECT COUNT(*) AS `numrows`
FROM `livres`', 0)
 2 SYSTEMPATH\Database\BaseConnection.php(910): CodeIgniter\Database\MySQLi\Connection->execute('SELECT COUNT(*) AS `numrows`
FROM `livres`')
 3 SYSTEMPATH\Database\BaseConnection.php(827): CodeIgniter\Database\BaseConnection->simpleQuery('SELECT COUNT(*) AS `numrows`
FROM `livres`')
 4 SYSTEMPATH\Database\BaseBuilder.php(1733): CodeIgniter\Database\BaseConnection->query('SELECT COUNT(*) AS `numrows`
FROM `livres`', [], false)
 5 SYSTEMPATH\Model.php(523): CodeIgniter\Database\BaseBuilder->countAllResults(false)
 6 SYSTEMPATH\BaseModel.php(1333): CodeIgniter\Model->countAllResults(false)
 7 APPPATH\Models\LivreModel.php(91): CodeIgniter\BaseModel->paginate(10)
 8 APPPATH\Controllers\Livres.php(25): App\Models\LivreModel->livresPagine()
 9 SYSTEMPATH\CodeIgniter.php(951): App\Controllers\Livres->index()
10 SYSTEMPATH\CodeIgniter.php(497): CodeIgniter\CodeIgniter->runController(Object(App\Controllers\Livres))
11 SYSTEMPATH\CodeIgniter.php(340): CodeIgniter\CodeIgniter->handleRequest(null, Object(Config\Cache), false)
12 SYSTEMPATH\Boot.php(417): CodeIgniter\CodeIgniter->run()
13 SYSTEMPATH\Boot.php(68): CodeIgniter\Boot::runCodeIgniter(Object(CodeIgniter\CodeIgniter))
14 FCPATH\index.php(59): CodeIgniter\Boot::bootWeb(Object(Config\Paths))
15 SYSTEMPATH\rewrite.php(44): require_once('C:\\Users\\Admin\\Documents\\S6\\rattrapageSI\\codeIgniter\\codeigniter4-framework-b3359be\\public\\index.php')
DEBUG - 2026-07-20 02:41:34 --> Session: Class initialized using 'CodeIgniter\Session\Handlers\FileHandler' driver.
DEBUG - 2026-07-20 02:41:47 --> Session: Class initialized using 'CodeIgniter\Session\Handlers\FileHandler' driver.
INFO - 2026-07-20 02:42:18 --> CSRF token verified.
DEBUG - 2026-07-20 02:42:19 --> Session: Class initialized using 'CodeIgniter\Session\Handlers\FileHandler' driver.
DEBUG - 2026-07-20 02:42:19 --> Session: Class initialized using 'CodeIgniter\Session\Handlers\FileHandler' driver.
DEBUG - 2026-07-20 02:42:24 --> Session: Class initialized using 'CodeIgniter\Session\Handlers\FileHandler' driver.
DEBUG - 2026-07-20 03:08:16 --> Session: Class initialized using 'CodeIgniter\Session\Handlers\FileHandler' driver.
